<?xml version="1.0" encoding="UTF-8"?>
<!-- Generated by org.testng.reporters.JUnitXMLReporter -->
<testsuite hostname="DESKTOP-P1LS8LR" ignored="0" name="freecrm test" tests="1" failures="1" timestamp="15 Apr 2020 14:28:47 GMT" time="0.08" errors="0">
  <testcase name="setUp" time="0.0" classname="com.DD.types.TestParameters">
    <failure type="org.testng.TestNGException" message="
Parameter &amp;apos;url&amp;apos; is required by @Test on method setUp but has not been marked @Optional or defined
in D:\selenium\selenium-java-3.4.0\DemoProject-DDF\TestNG.xml">
      <![CDATA[org.testng.TestNGException: 
Parameter 'url' is required by @Test on method setUp but has not been marked @Optional or defined
in D:\selenium\selenium-java-3.4.0\DemoProject-DDF\TestNG.xml
... Removed 23 stack frames]]>
    </failure>
  </testcase> <!-- setUp -->
</testsuite> <!-- freecrm test -->
